#
# A fatal error has been detected by the Java Runtime Environment:
#
#  EXCEPTION_ACCESS_VIOLATION (0xc0000005) at pc=0x0000000000000000, pid=21196, tid=7956
#
# JRE version: Java(TM) SE Runtime Environment (18.0.1.1+2) (build 18.0.1.1+2-6)
# Java VM: Java HotSpot(TM) 64-Bit Server VM (18.0.1.1+2-6, mixed mode, sharing, tiered, compressed oops, compressed class ptrs, g1 gc, windows-amd64)
# Problematic frame:
# C  0x0000000000000000
#
# No core dump will be written. Minidumps are not enabled by default on client versions of Windows
#
# If you would like to submit a bug report, please visit:
#   https://bugreport.java.com/bugreport/crash.jsp
# The crash happened outside the Java Virtual Machine in native code.
# See problematic frame for where to report the bug.
#

---------------  S U M M A R Y ------------

Command Line: -javaagent:C:\Program Files\JetBrains\IntelliJ IDEA Community Edition 2022.2.2\lib\idea_rt.jar=60833:C:\Program Files\JetBrains\IntelliJ IDEA Community Edition 2022.2.2\bin -Dfile.encoding=UTF-8 -Dsun.stdout.encoding=UTF-8 -Dsun.stderr.encoding=UTF-8 --module-path=C:\Users\samir\.m2\repository\org\openjfx\javafx-base\18.0.1\javafx-base-18.0.1-win.jar;C:\Users\samir\.m2\repository\org\openjfx\javafx-media\20-ea+11\javafx-media-20-ea+11-win.jar;C:\Users\samir\.m2\repository\org\openjfx\javafx-graphics\18.0.1\javafx-graphics-18.0.1-win.jar;C:\Users\samir\.m2\repository\org\openjfx\javafx-controls\18.0.1\javafx-controls-18.0.1-win.jar;C:\Users\samir\Desktop\Prueba\BatallaNaval\target\classes;C:\Users\samir\.m2\repository\org\openjfx\javafx-fxml\18.0.1\javafx-fxml-18.0.1-win.jar -Djdk.module.main=com.example.batallanaval com.example.batallanaval/com.example.batallanaval.ControlJuego

Host: AMD Ryzen 7 4800H with Radeon Graphics         , 16 cores, 15G,  Windows 10 , 64 bit Build 19041 (10.0.19041.2364)
Time: Sun Jan 29 10:55:37 2023 Hora estándar romance elapsed time: 7.528801 seconds (0d 0h 0m 7s)

---------------  T H R E A D  ---------------

Current thread (0x000001693a566da0):  JavaThread "Thread-22" [_thread_in_native, id=7956, stack(0x000000193c500000,0x000000193c600000)]

Stack: [0x000000193c500000,0x000000193c600000],  sp=0x000000193c5fe918,  free space=1018k
Native frames: (J=compiled Java code, j=interpreted, Vv=VM code, C=native code)

Java frames: (J=compiled Java code, j=interpreted, Vv=VM code)
j  com.sun.media.jfxmediaimpl.platform.gstreamer.GSTMedia.gstInitNativeMedia(Lcom/sun/media/jfxmedia/locator/Locator;Ljava/lang/String;J[J)I+0 javafx.media@20-ea
j  com.sun.media.jfxmediaimpl.platform.gstreamer.GSTMedia.init()V+20 javafx.media@20-ea
j  com.sun.media.jfxmediaimpl.platform.gstreamer.GSTMedia.<init>(Lcom/sun/media/jfxmedia/locator/Locator;)V+17 javafx.media@20-ea
j  com.sun.media.jfxmediaimpl.platform.gstreamer.GSTMediaPlayer.<init>(Lcom/sun/media/jfxmedia/locator/Locator;)V+6 javafx.media@20-ea
j  com.sun.media.jfxmediaimpl.platform.gstreamer.GSTPlatform.createMediaPlayer(Lcom/sun/media/jfxmedia/locator/Locator;)Lcom/sun/media/jfxmedia/MediaPlayer;+5 javafx.media@20-ea
j  com.sun.media.jfxmediaimpl.platform.PlatformManager.createMediaPlayer(Lcom/sun/media/jfxmedia/locator/Locator;)Lcom/sun/media/jfxmedia/MediaPlayer;+64 javafx.media@20-ea
j  com.sun.media.jfxmediaimpl.NativeMediaManager.getPlayer(Lcom/sun/media/jfxmedia/locator/Locator;)Lcom/sun/media/jfxmedia/MediaPlayer;+7 javafx.media@20-ea
j  com.sun.media.jfxmedia.MediaManager.getPlayer(Lcom/sun/media/jfxmedia/locator/Locator;)Lcom/sun/media/jfxmedia/MediaPlayer;+18 javafx.media@20-ea
j  javafx.scene.media.MediaPlayer.init()V+34 javafx.media@20-ea
j  javafx.scene.media.MediaPlayer.<init>(Ljavafx/scene/media/Media;)V+254 javafx.media@20-ea
j  com.example.batallanaval.Barco$2.run()V+158 com.example.batallanaval
j  java.lang.Thread.run()V+11 java.base@18.0.1.1
v  ~StubRoutines::call_stub

siginfo: EXCEPTION_ACCESS_VIOLATION (0xc0000005), data execution prevention violation at address 0x0000000000000000


Register to memory mapping:

RIP=0x0 is NULL
RAX=0x0000016940ac6550 points into unknown readable memory: 0x000001693f571cc0 | c0 1c 57 3f 69 01 00 00
RBX=0x000001693d0ae490 points into unknown readable memory: 0x0000016931d613a0 | a0 13 d6 31 69 01 00 00
RCX=0x000001693c64f3f0 points into unknown readable memory: 0x0000016940ac6550 | 50 65 ac 40 69 01 00 00
RDX=0x000001693c64f3f0 points into unknown readable memory: 0x0000016940ac6550 | 50 65 ac 40 69 01 00 00
RSP=0x000000193c5fe918 is pointing into the stack for thread: 0x000001693a566da0
RBP=0x0000000000000002 is an unknown value
RSI=0x0000000040000000 is an unknown value
RDI=0x000001693c64f3f0 points into unknown readable memory: 0x0000016940ac6550 | 50 65 ac 40 69 01 00 00
R8 =0x00007ff921a60370 points into unknown readable memory: 0x74894808245c8948 | 48 89 5c 24 08 48 89 74
R9 =0x000000193c5feb50 is pointing into the stack for thread: 0x000001693a566da0
R10=0x00007ff8d2100000 VCRUNTIME140.dll
R11=0x000000193c5feb58 is pointing into the stack for thread: 0x000001693a566da0
R12=0x000000193c5feb50 is pointing into the stack for thread: 0x000001693a566da0
R13=0x0000000000000003 is an unknown value
R14=0x00007ff92196d7cc points into unknown readable memory: ff 25 f6 8b
R15=0x0 is NULL


Registers:
RAX=0x0000016940ac6550, RBX=0x000001693d0ae490, RCX=0x000001693c64f3f0, RDX=0x000001693c64f3f0
RSP=0x000000193c5fe918, RBP=0x0000000000000002, RSI=0x0000000040000000, RDI=0x000001693c64f3f0
R8 =0x00007ff921a60370, R9 =0x000000193c5feb50, R10=0x00007ff8d2100000, R11=0x000000193c5feb58
R12=0x000000193c5feb50, R13=0x0000000000000003, R14=0x00007ff92196d7cc, R15=0x0000000000000000
RIP=0x0000000000000000, EFLAGS=0x0000000000010202

Top of Stack: (sp=0x000000193c5fe918)
0x000000193c5fe918:   00007ff921a6038e 0000000040000000
0x000000193c5fe928:   000000193c5fe9e9 000001693c843000
0x000000193c5fe938:   00007ff90adce20f 0000016906a60000
0x000000193c5fe948:   0000000000000003 0000000000000010
0x000000193c5fe958:   00007ff90adb44e3 0000000000000000
0x000000193c5fe968:   00007ff90adcf03a 000001693c843000
0x000000193c5fe978:   0000000040000000 000001693b04d2b0
0x000000193c5fe988:   000001693d0ae490 000000193c5fea98
0x000000193c5fe998:   0000000000000000 000001693b04d2b0
0x000000193c5fe9a8:   000001693d0ae490 0000000000000000
0x000000193c5fe9b8:   0000000000000020 0000000000000008
0x000000193c5fe9c8:   00007ff90add8b7b 000001693c843000
0x000000193c5fe9d8:   0000000000000000 000000193c5fead0
0x000000193c5fe9e8:   0000000000000000 000000193c5fea98
0x000000193c5fe9f8:   0000000000000020 0000000000000008
0x000000193c5fea08:   000001693c843000 0000000000000000 

Instructions: (pc=0x0000000000000000)
0xffffffffffffff00:   


Stack slot to memory mapping:
stack at sp + 0 slots: 0x00007ff921a6038e points into unknown readable memory: 33 f6
stack at sp + 1 slots: 0x0000000040000000 is an unknown value
stack at sp + 2 slots: 0x000000193c5fe9e9 is pointing into the stack for thread: 0x000001693a566da0
stack at sp + 3 slots: 0x000001693c843000 points into unknown readable memory: 0x0000000040000003 | 03 00 00 40 00 00 00 00
stack at sp + 4 slots: 0x00007ff90adce20f points into unknown readable memory: 48
stack at sp + 5 slots: 0x0000016906a60000 points into unknown readable memory: 0x0000000000000000 | 00 00 00 00 00 00 00 00
stack at sp + 6 slots: 0x0000000000000003 is an unknown value
stack at sp + 7 slots: 0x0000000000000010 is an unknown value


---------------  P R O C E S S  ---------------

Threads class SMR info:
_java_thread_list=0x000001693dc58b40, length=38, elements={
0x0000016908b66790, 0x000001692c008590, 0x000001692c009f40, 0x000001692c021270,
0x000001692c021c10, 0x000001692c0225b0, 0x000001692c026f60, 0x000001692c027c30,
0x000001692c028750, 0x000001692c029270, 0x00000169304818b0, 0x00000169309094f0,
0x0000016930ac8750, 0x0000016931540e80, 0x0000016931540010, 0x0000016931543030,
0x00000169315404e0, 0x0000016931542b60, 0x0000016931541350, 0x0000016931542690,
0x00000169315421c0, 0x0000016931543500, 0x00000169315439d0, 0x000001693a563d80,
0x000001693a56a290, 0x000001693a565f30, 0x000001693a568a80, 0x000001693a567c10,
0x000001693a566da0, 0x000001693a5680e0, 0x000001693a569420, 0x000001693a5633e0,
0x000001693a568f50, 0x000001693a565590, 0x0000016938c17f60, 0x0000016938c18470,
0x0000016938c156e0, 0x0000016938c16100
}

Java Threads: ( => current thread )
  0x0000016908b66790 JavaThread "main" [_thread_blocked, id=16812, stack(0x0000001938200000,0x0000001938300000)]
  0x000001692c008590 JavaThread "Reference Handler" daemon [_thread_blocked, id=21256, stack(0x0000001938900000,0x0000001938a00000)]
  0x000001692c009f40 JavaThread "Finalizer" daemon [_thread_blocked, id=12144, stack(0x0000001938a00000,0x0000001938b00000)]
  0x000001692c021270 JavaThread "Signal Dispatcher" daemon [_thread_blocked, id=17384, stack(0x0000001938b00000,0x0000001938c00000)]
  0x000001692c021c10 JavaThread "Attach Listener" daemon [_thread_blocked, id=3512, stack(0x0000001938c00000,0x0000001938d00000)]
  0x000001692c0225b0 JavaThread "Service Thread" daemon [_thread_blocked, id=20880, stack(0x0000001938d00000,0x0000001938e00000)]
  0x000001692c026f60 JavaThread "Monitor Deflation Thread" daemon [_thread_blocked, id=21364, stack(0x0000001938e00000,0x0000001938f00000)]
  0x000001692c027c30 JavaThread "C2 CompilerThread0" daemon [_thread_blocked, id=16484, stack(0x0000001938f00000,0x0000001939000000)]
  0x000001692c028750 JavaThread "C1 CompilerThread0" daemon [_thread_blocked, id=3664, stack(0x0000001939000000,0x0000001939100000)]
  0x000001692c029270 JavaThread "Sweeper thread" daemon [_thread_blocked, id=8268, stack(0x0000001939100000,0x0000001939200000)]
  0x00000169304818b0 JavaThread "Common-Cleaner" daemon [_thread_blocked, id=17020, stack(0x0000001939300000,0x0000001939400000)]
  0x00000169309094f0 JavaThread "Monitor Ctrl-Break" daemon [_thread_in_native, id=5388, stack(0x0000001939b00000,0x0000001939c00000)]
  0x0000016930ac8750 JavaThread "Notification Thread" daemon [_thread_blocked, id=15356, stack(0x0000001939c00000,0x0000001939d00000)]
  0x0000016931540e80 JavaThread "QuantumRenderer-0" daemon [_thread_in_native, id=21444, stack(0x0000001939e00000,0x0000001939f00000)]
  0x0000016931540010 JavaThread "InvokeLaterDispatcher" daemon [_thread_blocked, id=16256, stack(0x0000001939600000,0x0000001939700000)]
  0x0000016931543030 JavaThread "JavaFX Application Thread" [_thread_in_native, id=20488, stack(0x0000001939700000,0x0000001939800000)]
  0x00000169315404e0 JavaThread "Thread-1" daemon [_thread_in_native, id=12828, stack(0x000000193a900000,0x000000193aa00000)]
  0x0000016931542b60 JavaThread "JavaFX-Launcher" [_thread_blocked, id=12560, stack(0x000000193aa00000,0x000000193ab00000)]
  0x0000016931541350 JavaThread "Prism Font Disposer" daemon [_thread_blocked, id=4240, stack(0x000000193b400000,0x000000193b500000)]
  0x0000016931542690 JavaThread "Thread-13" [_thread_blocked, id=9680, stack(0x000000193b600000,0x000000193b700000)]
  0x00000169315421c0 JavaThread "Thread-14" [_thread_in_Java, id=1316, stack(0x000000193b000000,0x000000193b100000)]
  0x0000016931543500 JavaThread "Thread-15" [_thread_blocked, id=21248, stack(0x000000193b100000,0x000000193b200000)]
  0x00000169315439d0 JavaThread "Thread-16" [_thread_blocked, id=21132, stack(0x000000193b200000,0x000000193b300000)]
  0x000001693a563d80 JavaThread "Thread-17" [_thread_in_Java, id=2472, stack(0x000000193b300000,0x000000193b400000)]
  0x000001693a56a290 JavaThread "Thread-18" [_thread_in_Java, id=13348, stack(0x000000193c100000,0x000000193c200000)]
  0x000001693a565f30 JavaThread "Thread-19" [_thread_blocked, id=13624, stack(0x000000193c200000,0x000000193c300000)]
  0x000001693a568a80 JavaThread "Thread-20" [_thread_in_Java, id=2864, stack(0x000000193c300000,0x000000193c400000)]
  0x000001693a567c10 JavaThread "Thread-21" [_thread_blocked, id=10932, stack(0x000000193c400000,0x000000193c500000)]
=>0x000001693a566da0 JavaThread "Thread-22" [_thread_in_native, id=7956, stack(0x000000193c500000,0x000000193c600000)]
  0x000001693a5680e0 JavaThread "Thread-23" [_thread_in_native, id=1732, stack(0x000000193c600000,0x000000193c700000)]
  0x000001693a569420 JavaThread "Cleaner-0" daemon [_thread_blocked, id=12500, stack(0x000000193ca00000,0x000000193cb00000)]
  0x000001693a5633e0 JavaThread "Media Resource Disposer" daemon [_thread_blocked, id=4068, stack(0x000000193d300000,0x000000193d400000)]
  0x000001693a568f50 JavaThread "Timer-0" daemon [_thread_blocked, id=12344, stack(0x000000193de00000,0x000000193df00000)]
  0x000001693a565590 JavaThread "Timer-1" daemon [_thread_blocked, id=2052, stack(0x000000193e000000,0x000000193e100000)]
  0x0000016938c17f60 JavaThread "C1 CompilerThread1" daemon [_thread_blocked, id=16716, stack(0x0000001939200000,0x0000001939300000)]
  0x0000016938c18470 JavaThread "C1 CompilerThread2" daemon [_thread_blocked, id=11860, stack(0x0000001939400000,0x0000001939500000)]
  0x0000016938c156e0 JavaThread "C2 CompilerThread1" daemon [_thread_blocked, id=19308, stack(0x000000193d800000,0x000000193d900000)]
  0x0000016938c16100 JavaThread "C2 CompilerThread2" daemon [_thread_blocked, id=21144, stack(0x000000193e100000,0x000000193e200000)]

Other Threads:
  0x000001692c005ef0 VMThread "VM Thread" [stack: 0x0000001938800000,0x0000001938900000] [id=14712]
  0x00000169311ec490 WatcherThread "VM Periodic Task Thread" [stack: 0x0000001939d00000,0x0000001939e00000] [id=15392]
  0x0000016908bd5b50 WorkerThread "GC Thread#0" [stack: 0x0000001938300000,0x0000001938400000] [id=5188]
  0x0000016930f061e0 WorkerThread "GC Thread#1" [stack: 0x000000193ab00000,0x000000193ac00000] [id=1780]
  0x0000016930f069c0 WorkerThread "GC Thread#2" [stack: 0x000000193ac00000,0x000000193ad00000] [id=5748]
  0x0000016930f06c60 WorkerThread "GC Thread#3" [stack: 0x000000193ad00000,0x000000193ae00000] [id=6984]
  0x0000016930f06f00 WorkerThread "GC Thread#4" [stack: 0x000000193ae00000,0x000000193af00000] [id=6708]
  0x0000016930f054c0 WorkerThread "GC Thread#5" [stack: 0x000000193af00000,0x000000193b000000] [id=19384]
  0x000001693c783600 WorkerThread "GC Thread#6" [stack: 0x000000193b700000,0x000000193b800000] [id=15232]
  0x000001693c781bc0 WorkerThread "GC Thread#7" [stack: 0x000000193b800000,0x000000193b900000] [id=12524]
  0x000001693c7823a0 WorkerThread "GC Thread#8" [stack: 0x000000193b900000,0x000000193ba00000] [id=4640]
  0x000001693c782640 WorkerThread "GC Thread#9" [stack: 0x000000193ba00000,0x000000193bb00000] [id=19544]
  0x000001693c7830c0 WorkerThread "GC Thread#10" [stack: 0x000000193bb00000,0x000000193bc00000] [id=13912]
  0x000001693c782100 WorkerThread "GC Thread#11" [stack: 0x000000193bc00000,0x000000193bd00000] [id=15464]
  0x000001693c783360 WorkerThread "GC Thread#12" [stack: 0x000000193d200000,0x000000193d300000] [id=5580]
  0x0000016908be6f00 ConcurrentGCThread "G1 Main Marker" [stack: 0x0000001938400000,0x0000001938500000] [id=19636]
  0x0000016908be7690 WorkerThread "G1 Conc#0" [stack: 0x0000001938500000,0x0000001938600000] [id=13432]
  0x0000016908c2eac0 ConcurrentGCThread "G1 Refine#0" [stack: 0x0000001938600000,0x0000001938700000] [id=22444]
  0x0000016931a3c550 ConcurrentGCThread "G1 Refine#1" [stack: 0x000000193bd00000,0x000000193be00000] [id=12180]
  0x0000016931a3d360 ConcurrentGCThread "G1 Refine#2" [stack: 0x000000193be00000,0x000000193bf00000] [id=3180]
  0x0000016931a3e170 ConcurrentGCThread "G1 Refine#3" [stack: 0x000000193bf00000,0x000000193c000000] [id=6520]
  0x0000016931a3d630 ConcurrentGCThread "G1 Refine#4" [stack: 0x000000193c000000,0x000000193c100000] [id=22228]
  0x000001692bebb940 ConcurrentGCThread "G1 Service" [stack: 0x0000001938700000,0x0000001938800000] [id=11788]

Threads with active compile tasks:

VM state: not at safepoint (normal execution)

VM Mutex/Monitor currently owned by a thread: None

Heap address: 0x0000000709200000, size: 3950 MB, Compressed Oops mode: Zero based, Oop shift amount: 3

CDS archive(s) mapped at: [0x0000000800000000-0x0000000800ba0000-0x0000000800ba0000), size 12189696, SharedBaseAddress: 0x0000000800000000, ArchiveRelocationMode: 0.
Compressed class space mapped at: 0x0000000800c00000-0x0000000840c00000, reserved size: 1073741824
Narrow klass base: 0x0000000800000000, Narrow klass shift: 0, Narrow klass range: 0x100000000

GC Precious Log:
 CardTable entry size: 512
 Card Set container configuration: InlinePtr #cards 4 size 8 Array Of Cards #cards 16 size 48 Howl #buckets 8 coarsen threshold 3686 Howl Bitmap #cards 512 size 80 coarsen threshold 460 Card regions per heap region 1 cards per card region 4096
 CPUs: 16 total, 16 available
 Memory: 15792M
 Large Page Support: Disabled
 NUMA Support: Disabled
 Compressed Oops: Enabled (Zero based)
 Heap Region Size: 2M
 Heap Min Capacity: 8M
 Heap Initial Capacity: 248M
 Heap Max Capacity: 3950M
 Pre-touch: Disabled
 Parallel Workers: 13
 Concurrent Workers: 3
 Concurrent Refinement Workers: 13
 Periodic GC: Disabled

Heap:
 garbage-first heap   total 253952K, used 30939K [0x0000000709200000, 0x0000000800000000)
  region size 2048K, 9 young (18432K), 5 survivors (10240K)
 Metaspace       used 14896K, committed 15168K, reserved 1114112K
  class space    used 1959K, committed 2112K, reserved 1048576K

Heap Regions: E=young(eden), S=young(survivor), O=old, HS=humongous(starts), HC=humongous(continues), CS=collection set, F=free, OA=open archive, CA=closed archive, TAMS=top-at-mark-start (previous, next)
|   0|0x0000000709200000, 0x0000000709400000, 0x0000000709400000|100%|HS|  |TAMS 0x0000000709200000, 0x0000000709200000| Complete 
|   1|0x0000000709400000, 0x0000000709600000, 0x0000000709600000|100%|HC|  |TAMS 0x0000000709400000, 0x0000000709400000| Complete 
|   2|0x0000000709600000, 0x0000000709800000, 0x0000000709800000|100%| O|  |TAMS 0x0000000709600000, 0x0000000709600000| Untracked 
|   3|0x0000000709800000, 0x0000000709a00000, 0x0000000709a00000|100%| O|  |TAMS 0x0000000709800000, 0x0000000709800000| Untracked 
|   4|0x0000000709a00000, 0x0000000709c00000, 0x0000000709c00000|100%| O|  |TAMS 0x0000000709a00000, 0x0000000709a00000| Untracked 
|   5|0x0000000709c00000, 0x0000000709e00000, 0x0000000709e00000|100%| O|  |TAMS 0x0000000709c00000, 0x0000000709c00000| Untracked 
|   6|0x0000000709e00000, 0x0000000709ffd600, 0x000000070a000000| 99%| O|  |TAMS 0x0000000709e00000, 0x0000000709e00000| Untracked 
|   7|0x000000070a000000, 0x000000070a200000, 0x000000070a200000|100%|HS|  |TAMS 0x000000070a000000, 0x000000070a000000| Complete 
|   8|0x000000070a200000, 0x000000070a200000, 0x000000070a400000|  0%| F|  |TAMS 0x000000070a200000, 0x000000070a200000| Untracked 
|   9|0x000000070a400000, 0x000000070a400000, 0x000000070a600000|  0%| F|  |TAMS 0x000000070a400000, 0x000000070a400000| Untracked 
|  10|0x000000070a600000, 0x000000070a600000, 0x000000070a800000|  0%| F|  |TAMS 0x000000070a600000, 0x000000070a600000| Untracked 
|  11|0x000000070a800000, 0x000000070a800000, 0x000000070aa00000|  0%| F|  |TAMS 0x000000070a800000, 0x000000070a800000| Untracked 
|  12|0x000000070aa00000, 0x000000070aa00000, 0x000000070ac00000|  0%| F|  |TAMS 0x000000070aa00000, 0x000000070aa00000| Untracked 
|  13|0x000000070ac00000, 0x000000070ac00000, 0x000000070ae00000|  0%| F|  |TAMS 0x000000070ac00000, 0x000000070ac00000| Untracked 
|  14|0x000000070ae00000, 0x000000070ae00000, 0x000000070b000000|  0%| F|  |TAMS 0x000000070ae00000, 0x000000070ae00000| Untracked 
|  15|0x000000070b000000, 0x000000070b000000, 0x000000070b200000|  0%| F|  |TAMS 0x000000070b000000, 0x000000070b000000| Untracked 
|  16|0x000000070b200000, 0x000000070b200000, 0x000000070b400000|  0%| F|  |TAMS 0x000000070b200000, 0x000000070b200000| Untracked 
|  17|0x000000070b400000, 0x000000070b400000, 0x000000070b600000|  0%| F|  |TAMS 0x000000070b400000, 0x000000070b400000| Untracked 
|  18|0x000000070b600000, 0x000000070b600000, 0x000000070b800000|  0%| F|  |TAMS 0x000000070b600000, 0x000000070b600000| Untracked 
|  19|0x000000070b800000, 0x000000070b800000, 0x000000070ba00000|  0%| F|  |TAMS 0x000000070b800000, 0x000000070b800000| Untracked 
|  20|0x000000070ba00000, 0x000000070ba00000, 0x000000070bc00000|  0%| F|  |TAMS 0x000000070ba00000, 0x000000070ba00000| Untracked 
|  21|0x000000070bc00000, 0x000000070bc00000, 0x000000070be00000|  0%| F|  |TAMS 0x000000070bc00000, 0x000000070bc00000| Untracked 
|  22|0x000000070be00000, 0x000000070be00000, 0x000000070c000000|  0%| F|  |TAMS 0x000000070be00000, 0x000000070be00000| Untracked 
|  23|0x000000070c000000, 0x000000070c000000, 0x000000070c200000|  0%| F|  |TAMS 0x000000070c000000, 0x000000070c000000| Untracked 
|  24|0x000000070c200000, 0x000000070c200000, 0x000000070c400000|  0%| F|  |TAMS 0x000000070c200000, 0x000000070c200000| Untracked 
|  25|0x000000070c400000, 0x000000070c400000, 0x000000070c600000|  0%| F|  |TAMS 0x000000070c400000, 0x000000070c400000| Untracked 
|  26|0x000000070c600000, 0x000000070c600000, 0x000000070c800000|  0%| F|  |TAMS 0x000000070c600000, 0x000000070c600000| Untracked 
|  27|0x000000070c800000, 0x000000070c800000, 0x000000070ca00000|  0%| F|  |TAMS 0x000000070c800000, 0x000000070c800000| Untracked 
|  28|0x000000070ca00000, 0x000000070ca00000, 0x000000070cc00000|  0%| F|  |TAMS 0x000000070ca00000, 0x000000070ca00000| Untracked 
|  29|0x000000070cc00000, 0x000000070cc00000, 0x000000070ce00000|  0%| F|  |TAMS 0x000000070cc00000, 0x000000070cc00000| Untracked 
|  30|0x000000070ce00000, 0x000000070ce00000, 0x000000070d000000|  0%| F|  |TAMS 0x000000070ce00000, 0x000000070ce00000| Untracked 
|  31|0x000000070d000000, 0x000000070d000000, 0x000000070d200000|  0%| F|  |TAMS 0x000000070d000000, 0x000000070d000000| Untracked 
|  32|0x000000070d200000, 0x000000070d200000, 0x000000070d400000|  0%| F|  |TAMS 0x000000070d200000, 0x000000070d200000| Untracked 
|  33|0x000000070d400000, 0x000000070d400000, 0x000000070d600000|  0%| F|  |TAMS 0x000000070d400000, 0x000000070d400000| Untracked 
|  34|0x000000070d600000, 0x000000070d600000, 0x000000070d800000|  0%| F|  |TAMS 0x000000070d600000, 0x000000070d600000| Untracked 
|  35|0x000000070d800000, 0x000000070d800000, 0x000000070da00000|  0%| F|  |TAMS 0x000000070d800000, 0x000000070d800000| Untracked 
|  36|0x000000070da00000, 0x000000070da00000, 0x000000070dc00000|  0%| F|  |TAMS 0x000000070da00000, 0x000000070da00000| Untracked 
|  37|0x000000070dc00000, 0x000000070dc00000, 0x000000070de00000|  0%| F|  |TAMS 0x000000070dc00000, 0x000000070dc00000| Untracked 
|  38|0x000000070de00000, 0x000000070de00000, 0x000000070e000000|  0%| F|  |TAMS 0x000000070de00000, 0x000000070de00000| Untracked 
|  39|0x000000070e000000, 0x000000070e000000, 0x000000070e200000|  0%| F|  |TAMS 0x000000070e000000, 0x000000070e000000| Untracked 
|  40|0x000000070e200000, 0x000000070e200000, 0x000000070e400000|  0%| F|  |TAMS 0x000000070e200000, 0x000000070e200000| Untracked 
|  41|0x000000070e400000, 0x000000070e400000, 0x000000070e600000|  0%| F|  |TAMS 0x000000070e400000, 0x000000070e400000| Untracked 
|  42|0x000000070e600000, 0x000000070e600000, 0x000000070e800000|  0%| F|  |TAMS 0x000000070e600000, 0x000000070e600000| Untracked 
|  43|0x000000070e800000, 0x000000070e800000, 0x000000070ea00000|  0%| F|  |TAMS 0x000000070e800000, 0x000000070e800000| Untracked 
|  44|0x000000070ea00000, 0x000000070ea00000, 0x000000070ec00000|  0%| F|  |TAMS 0x000000070ea00000, 0x000000070ea00000| Untracked 
|  45|0x000000070ec00000, 0x000000070ec39670, 0x000000070ee00000| 11%| S|CS|TAMS 0x000000070ec00000, 0x000000070ec00000| Complete 
|  46|0x000000070ee00000, 0x000000070ee00000, 0x000000070f000000|  0%| F|  |TAMS 0x000000070ee00000, 0x000000070ee00000| Untracked 
|  47|0x000000070f000000, 0x000000070f000000, 0x000000070f200000|  0%| F|  |TAMS 0x000000070f000000, 0x000000070f000000| Untracked 
|  48|0x000000070f200000, 0x000000070f200000, 0x000000070f400000|  0%| F|  |TAMS 0x000000070f200000, 0x000000070f200000| Untracked 
|  49|0x000000070f400000, 0x000000070f400000, 0x000000070f600000|  0%| F|  |TAMS 0x000000070f400000, 0x000000070f400000| Untracked 
|  50|0x000000070f600000, 0x000000070f800000, 0x000000070f800000|100%| S|CS|TAMS 0x000000070f600000, 0x000000070f600000| Complete 
|  51|0x000000070f800000, 0x000000070fa00000, 0x000000070fa00000|100%| S|CS|TAMS 0x000000070f800000, 0x000000070f800000| Complete 
|  52|0x000000070fa00000, 0x000000070fc00000, 0x000000070fc00000|100%| S|CS|TAMS 0x000000070fa00000, 0x000000070fa00000| Complete 
|  53|0x000000070fc00000, 0x000000070fe00000, 0x000000070fe00000|100%| S|CS|TAMS 0x000000070fc00000, 0x000000070fc00000| Complete 
|  54|0x000000070fe00000, 0x000000070fe00000, 0x0000000710000000|  0%| F|  |TAMS 0x000000070fe00000, 0x000000070fe00000| Untracked 
|  55|0x0000000710000000, 0x0000000710000000, 0x0000000710200000|  0%| F|  |TAMS 0x0000000710000000, 0x0000000710000000| Untracked 
|  56|0x0000000710200000, 0x0000000710200000, 0x0000000710400000|  0%| F|  |TAMS 0x0000000710200000, 0x0000000710200000| Untracked 
|  57|0x0000000710400000, 0x0000000710400000, 0x0000000710600000|  0%| F|  |TAMS 0x0000000710400000, 0x0000000710400000| Untracked 
|  58|0x0000000710600000, 0x0000000710600000, 0x0000000710800000|  0%| F|  |TAMS 0x0000000710600000, 0x0000000710600000| Untracked 
|  59|0x0000000710800000, 0x0000000710800000, 0x0000000710a00000|  0%| F|  |TAMS 0x0000000710800000, 0x0000000710800000| Untracked 
|  60|0x0000000710a00000, 0x0000000710a00000, 0x0000000710c00000|  0%| F|  |TAMS 0x0000000710a00000, 0x0000000710a00000| Untracked 
|  61|0x0000000710c00000, 0x0000000710c00000, 0x0000000710e00000|  0%| F|  |TAMS 0x0000000710c00000, 0x0000000710c00000| Untracked 
|  62|0x0000000710e00000, 0x0000000710e00000, 0x0000000711000000|  0%| F|  |TAMS 0x0000000710e00000, 0x0000000710e00000| Untracked 
|  63|0x0000000711000000, 0x0000000711000000, 0x0000000711200000|  0%| F|  |TAMS 0x0000000711000000, 0x0000000711000000| Untracked 
|  64|0x0000000711200000, 0x0000000711200000, 0x0000000711400000|  0%| F|  |TAMS 0x0000000711200000, 0x0000000711200000| Untracked 
|  65|0x0000000711400000, 0x0000000711400000, 0x0000000711600000|  0%| F|  |TAMS 0x0000000711400000, 0x0000000711400000| Untracked 
|  66|0x0000000711600000, 0x0000000711600000, 0x0000000711800000|  0%| F|  |TAMS 0x0000000711600000, 0x0000000711600000| Untracked 
|  67|0x0000000711800000, 0x0000000711800000, 0x0000000711a00000|  0%| F|  |TAMS 0x0000000711800000, 0x0000000711800000| Untracked 
|  68|0x0000000711a00000, 0x0000000711a00000, 0x0000000711c00000|  0%| F|  |TAMS 0x0000000711a00000, 0x0000000711a00000| Untracked 
|  69|0x0000000711c00000, 0x0000000711c00000, 0x0000000711e00000|  0%| F|  |TAMS 0x0000000711c00000, 0x0000000711c00000| Untracked 
|  70|0x0000000711e00000, 0x0000000711e00000, 0x0000000712000000|  0%| F|  |TAMS 0x0000000711e00000, 0x0000000711e00000| Untracked 
|  71|0x0000000712000000, 0x0000000712000000, 0x0000000712200000|  0%| F|  |TAMS 0x0000000712000000, 0x0000000712000000| Untracked 
|  72|0x0000000712200000, 0x0000000712200000, 0x0000000712400000|  0%| F|  |TAMS 0x0000000712200000, 0x0000000712200000| Untracked 
|  73|0x0000000712400000, 0x0000000712400000, 0x0000000712600000|  0%| F|  |TAMS 0x0000000712400000, 0x0000000712400000| Untracked 
|  74|0x0000000712600000, 0x0000000712600000, 0x0000000712800000|  0%| F|  |TAMS 0x0000000712600000, 0x0000000712600000| Untracked 
|  75|0x0000000712800000, 0x0000000712800000, 0x0000000712a00000|  0%| F|  |TAMS 0x0000000712800000, 0x0000000712800000| Untracked 
|  76|0x0000000712a00000, 0x0000000712a00000, 0x0000000712c00000|  0%| F|  |TAMS 0x0000000712a00000, 0x0000000712a00000| Untracked 
|  77|0x0000000712c00000, 0x0000000712c00000, 0x0000000712e00000|  0%| F|  |TAMS 0x0000000712c00000, 0x0000000712c00000| Untracked 
|  78|0x0000000712e00000, 0x0000000712e00000, 0x0000000713000000|  0%| F|  |TAMS 0x0000000712e00000, 0x0000000712e00000| Untracked 
|  79|0x0000000713000000, 0x0000000713000000, 0x0000000713200000|  0%| F|  |TAMS 0x0000000713000000, 0x0000000713000000| Untracked 
|  80|0x0000000713200000, 0x0000000713200000, 0x0000000713400000|  0%| F|  |TAMS 0x0000000713200000, 0x0000000713200000| Untracked 
|  81|0x0000000713400000, 0x0000000713400000, 0x0000000713600000|  0%| F|  |TAMS 0x0000000713400000, 0x0000000713400000| Untracked 
|  82|0x0000000713600000, 0x0000000713600000, 0x0000000713800000|  0%| F|  |TAMS 0x0000000713600000, 0x0000000713600000| Untracked 
|  83|0x0000000713800000, 0x0000000713800000, 0x0000000713a00000|  0%| F|  |TAMS 0x0000000713800000, 0x0000000713800000| Untracked 
|  84|0x0000000713a00000, 0x0000000713a00000, 0x0000000713c00000|  0%| F|  |TAMS 0x0000000713a00000, 0x0000000713a00000| Untracked 
|  85|0x0000000713c00000, 0x0000000713c00000, 0x0000000713e00000|  0%| F|  |TAMS 0x0000000713c00000, 0x0000000713c00000| Untracked 
|  86|0x0000000713e00000, 0x0000000713e00000, 0x0000000714000000|  0%| F|  |TAMS 0x0000000713e00000, 0x0000000713e00000| Untracked 
|  87|0x0000000714000000, 0x0000000714000000, 0x0000000714200000|  0%| F|  |TAMS 0x0000000714000000, 0x0000000714000000| Untracked 
|  88|0x0000000714200000, 0x0000000714200000, 0x0000000714400000|  0%| F|  |TAMS 0x0000000714200000, 0x0000000714200000| Untracked 
|  89|0x0000000714400000, 0x0000000714400000, 0x0000000714600000|  0%| F|  |TAMS 0x0000000714400000, 0x0000000714400000| Untracked 
|  90|0x0000000714600000, 0x0000000714600000, 0x0000000714800000|  0%| F|  |TAMS 0x0000000714600000, 0x0000000714600000| Untracked 
|  91|0x0000000714800000, 0x0000000714800000, 0x0000000714a00000|  0%| F|  |TAMS 0x0000000714800000, 0x0000000714800000| Untracked 
|  92|0x0000000714a00000, 0x0000000714a00000, 0x0000000714c00000|  0%| F|  |TAMS 0x0000000714a00000, 0x0000000714a00000| Untracked 
|  93|0x0000000714c00000, 0x0000000714c00000, 0x0000000714e00000|  0%| F|  |TAMS 0x0000000714c00000, 0x0000000714c00000| Untracked 
|  94|0x0000000714e00000, 0x0000000714e00000, 0x0000000715000000|  0%| F|  |TAMS 0x0000000714e00000, 0x0000000714e00000| Untracked 
|  95|0x0000000715000000, 0x0000000715000000, 0x0000000715200000|  0%| F|  |TAMS 0x0000000715000000, 0x0000000715000000| Untracked 
|  96|0x0000000715200000, 0x0000000715200000, 0x0000000715400000|  0%| F|  |TAMS 0x0000000715200000, 0x0000000715200000| Untracked 
|  97|0x0000000715400000, 0x0000000715400000, 0x0000000715600000|  0%| F|  |TAMS 0x0000000715400000, 0x0000000715400000| Untracked 
|  98|0x0000000715600000, 0x0000000715600000, 0x0000000715800000|  0%| F|  |TAMS 0x0000000715600000, 0x0000000715600000| Untracked 
|  99|0x0000000715800000, 0x0000000715800000, 0x0000000715a00000|  0%| F|  |TAMS 0x0000000715800000, 0x0000000715800000| Untracked 
| 100|0x0000000715a00000, 0x0000000715a00000, 0x0000000715c00000|  0%| F|  |TAMS 0x0000000715a00000, 0x0000000715a00000| Untracked 
| 101|0x0000000715c00000, 0x0000000715c00000, 0x0000000715e00000|  0%| F|  |TAMS 0x0000000715c00000, 0x0000000715c00000| Untracked 
| 102|0x0000000715e00000, 0x0000000715e00000, 0x0000000716000000|  0%| F|  |TAMS 0x0000000715e00000, 0x0000000715e00000| Untracked 
| 103|0x0000000716000000, 0x0000000716000000, 0x0000000716200000|  0%| F|  |TAMS 0x0000000716000000, 0x0000000716000000| Untracked 
| 104|0x0000000716200000, 0x0000000716200000, 0x0000000716400000|  0%| F|  |TAMS 0x0000000716200000, 0x0000000716200000| Untracked 
| 105|0x0000000716400000, 0x0000000716400000, 0x0000000716600000|  0%| F|  |TAMS 0x0000000716400000, 0x0000000716400000| Untracked 
| 106|0x0000000716600000, 0x0000000716600000, 0x0000000716800000|  0%| F|  |TAMS 0x0000000716600000, 0x0000000716600000| Untracked 
| 107|0x0000000716800000, 0x0000000716800000, 0x0000000716a00000|  0%| F|  |TAMS 0x0000000716800000, 0x0000000716800000| Untracked 
| 108|0x0000000716a00000, 0x0000000716a00000, 0x0000000716c00000|  0%| F|  |TAMS 0x0000000716a00000, 0x0000000716a00000| Untracked 
| 109|0x0000000716c00000, 0x0000000716c00000, 0x0000000716e00000|  0%| F|  |TAMS 0x0000000716c00000, 0x0000000716c00000| Untracked 
| 110|0x0000000716e00000, 0x0000000716e00000, 0x0000000717000000|  0%| F|  |TAMS 0x0000000716e00000, 0x0000000716e00000| Untracked 
| 111|0x0000000717000000, 0x0000000717000000, 0x0000000717200000|  0%| F|  |TAMS 0x0000000717000000, 0x0000000717000000| Untracked 
| 112|0x0000000717200000, 0x0000000717200000, 0x0000000717400000|  0%| F|  |TAMS 0x0000000717200000, 0x0000000717200000| Untracked 
| 113|0x0000000717400000, 0x0000000717400000, 0x0000000717600000|  0%| F|  |TAMS 0x0000000717400000, 0x0000000717400000| Untracked 
| 114|0x0000000717600000, 0x0000000717600000, 0x0000000717800000|  0%| F|  |TAMS 0x0000000717600000, 0x0000000717600000| Untracked 
| 115|0x0000000717800000, 0x0000000717800000, 0x0000000717a00000|  0%| F|  |TAMS 0x0000000717800000, 0x0000000717800000| Untracked 
| 116|0x0000000717a00000, 0x0000000717a00000, 0x0000000717c00000|  0%| F|  |TAMS 0x0000000717a00000, 0x0000000717a00000| Untracked 
| 117|0x0000000717c00000, 0x0000000717c00000, 0x0000000717e00000|  0%| F|  |TAMS 0x0000000717c00000, 0x0000000717c00000| Untracked 
| 118|0x0000000717e00000, 0x0000000717e00000, 0x0000000718000000|  0%| F|  |TAMS 0x0000000717e00000, 0x0000000717e00000| Untracked 
| 119|0x0000000718000000, 0x0000000718000000, 0x0000000718200000|  0%| F|  |TAMS 0x0000000718000000, 0x0000000718000000| Untracked 
| 120|0x0000000718200000, 0x00000007183f5e28, 0x0000000718400000| 98%| E|  |TAMS 0x0000000718200000, 0x0000000718200000| Complete 
| 121|0x0000000718400000, 0x0000000718600000, 0x0000000718600000|100%| E|CS|TAMS 0x0000000718400000, 0x0000000718400000| Complete 
| 122|0x0000000718600000, 0x0000000718800000, 0x0000000718800000|100%| E|CS|TAMS 0x0000000718600000, 0x0000000718600000| Complete 
| 123|0x0000000718800000, 0x0000000718a00000, 0x0000000718a00000|100%| E|CS|TAMS 0x0000000718800000, 0x0000000718800000| Complete 

Card table byte_map: [0x00000169204e0000,0x0000016920ca0000] _byte_map_base: 0x000001691cc97000

Marking Bits (Prev, Next): (CMBitMap*) 0x0000016908bd6f00, (CMBitMap*) 0x0000016908bd6f40
 Prev Bits: [0x0000016921460000, 0x0000016925218000)
 Next Bits: [0x0000016925220000, 0x0000016928fd8000)

Polling page: 0x0000016906b00000

Metaspace:

Usage:
  Non-class:     12.63 MB used.
      Class:      1.91 MB used.
       Both:     14.55 MB used.

Virtual space:
  Non-class space:       64.00 MB reserved,      12.75 MB ( 20%) committed,  1 nodes.
      Class space:        1.00 GB reserved,       2.06 MB ( <1%) committed,  1 nodes.
             Both:        1.06 GB reserved,      14.81 MB (  1%) committed. 

Chunk freelists:
   Non-Class:  3.03 MB
       Class:  1.86 MB
        Both:  4.89 MB

MaxMetaspaceSize: unlimited
CompressedClassSpaceSize: 1.00 GB
Initial GC threshold: 21.00 MB
Current GC threshold: 21.00 MB
CDS: on
MetaspaceReclaimPolicy: balanced
 - commit_granule_bytes: 65536.
 - commit_granule_words: 8192.
 - virtual_space_node_default_size: 8388608.
 - enlarge_chunks_in_place: 1.
 - new_chunks_are_fully_committed: 0.
 - uncommit_free_chunks: 1.
 - use_allocation_guard: 0.


Internal statistics:

num_allocs_failed_limit: 0.
num_arena_births: 250.
num_arena_deaths: 0.
num_vsnodes_births: 2.
num_vsnodes_deaths: 0.
num_space_committed: 237.
num_space_uncommitted: 0.
num_chunks_returned_to_freelist: 0.
num_chunks_taken_from_freelist: 716.
num_chunk_merges: 0.
num_chunk_splits: 509.
num_chunks_enlarged: 398.
num_inconsistent_stats: 0.

CodeHeap 'non-profiled nmethods': size=119168Kb used=2487Kb max_used=2487Kb free=116680Kb
 bounds [0x0000016918040000, 0x00000169182b0000, 0x000001691f4a0000]
CodeHeap 'profiled nmethods': size=119104Kb used=7306Kb max_used=7306Kb free=111797Kb
 bounds [0x0000016910bf0000, 0x0000016911320000, 0x0000016918040000]
CodeHeap 'non-nmethods': size=7488Kb used=2573Kb max_used=3248Kb free=4914Kb
 bounds [0x00000169104a0000, 0x00000169107d0000, 0x0000016910bf0000]
 total_blobs=4591 nmethods=3788 adapters=713
 compilation: enabled
              stopped_count=0, restarted_count=0
 full_count=0

Compilation events (20 events):
Event: 7.255 Thread 0x000001692c027c30 nmethod 3777 0x00000169182a6610 code [0x00000169182a6860, 0x00000169182a7410]
Event: 7.257 Thread 0x0000016938c156e0 nmethod 3773 0x00000169182a8010 code [0x00000169182a8320, 0x00000169182aa130]
Event: 7.271 Thread 0x0000016938c16100 3778  s!   4       com.sun.javafx.tk.Toolkit::getToolkit (244 bytes)
Event: 7.272 Thread 0x0000016938c16100 nmethod 3778 0x00000169182ab790 code [0x00000169182ab920, 0x00000169182abaf8]
Event: 7.365 Thread 0x0000016938c18470 3779       3       javafx.beans.property.DoublePropertyBase::set (77 bytes)
Event: 7.365 Thread 0x000001692c028750 3780       3       javafx.beans.property.DoublePropertyBase::markInvalid (21 bytes)
Event: 7.365 Thread 0x0000016938c16100 3781       4       java.util.WeakHashMap$HashIterator::nextEntry (81 bytes)
Event: 7.366 Thread 0x000001692c028750 nmethod 3780 0x000001691130a410 code [0x000001691130a5c0, 0x000001691130a898]
Event: 7.366 Thread 0x0000016938c18470 nmethod 3779 0x000001691130a990 code [0x000001691130ac00, 0x000001691130b6d8]
Event: 7.368 Thread 0x0000016938c16100 nmethod 3781 0x00000169182abc10 code [0x00000169182abd80, 0x00000169182ac158]
Event: 7.445 Thread 0x0000016938c156e0 3782       4       java.util.WeakHashMap$EntryIterator::next (5 bytes)
Event: 7.447 Thread 0x0000016938c156e0 nmethod 3782 0x00000169182ac290 code [0x00000169182ac400, 0x00000169182ac7d8]
Event: 7.459 Thread 0x0000016938c16100 3783       4       com.sun.javafx.sg.prism.NGNode::markCullRegions (204 bytes)
Event: 7.466 Thread 0x0000016938c16100 nmethod 3783 0x00000169182ac910 code [0x00000169182acae0, 0x00000169182ad208]
Event: 7.517 Thread 0x0000016938c18470 3784       3       java.net.URI$Parser::scan (76 bytes)
Event: 7.518 Thread 0x0000016938c18470 nmethod 3784 0x000001691130b990 code [0x000001691130bbc0, 0x000001691130c498]
Event: 7.518 Thread 0x000001692c028750 3785       3       java.io.File::exists (34 bytes)
Event: 7.518 Thread 0x000001692c028750 nmethod 3785 0x000001691130c890 code [0x000001691130ca60, 0x000001691130ce78]
Event: 7.519 Thread 0x0000016938c17f60 3786       3       java.util.Calendar::internalSet (8 bytes)
Event: 7.519 Thread 0x0000016938c17f60 nmethod 3786 0x000001691130d010 code [0x000001691130d1a0, 0x000001691130d2d8]

GC Heap History (16 events):
Event: 0.897 GC heap before
{Heap before GC invocations=0 (full 0):
 garbage-first heap   total 253952K, used 22528K [0x0000000709200000, 0x0000000800000000)
  region size 2048K, 11 young (22528K), 0 survivors (0K)
 Metaspace       used 4806K, committed 5056K, reserved 1114112K
  class space    used 525K, committed 640K, reserved 1048576K
}
Event: 0.900 GC heap after
{Heap after GC invocations=1 (full 0):
 garbage-first heap   total 253952K, used 2810K [0x0000000709200000, 0x0000000800000000)
  region size 2048K, 2 young (4096K), 2 survivors (4096K)
 Metaspace       used 4806K, committed 5056K, reserved 1114112K
  class space    used 525K, committed 640K, reserved 1048576K
}
Event: 1.466 GC heap before
{Heap before GC invocations=1 (full 0):
 garbage-first heap   total 253952K, used 41722K [0x0000000709200000, 0x0000000800000000)
  region size 2048K, 20 young (40960K), 2 survivors (4096K)
 Metaspace       used 11029K, committed 11264K, reserved 1114112K
  class space    used 1494K, committed 1600K, reserved 1048576K
}
Event: 1.474 GC heap after
{Heap after GC invocations=2 (full 0):
 garbage-first heap   total 253952K, used 20469K [0x0000000709200000, 0x0000000800000000)
  region size 2048K, 3 young (6144K), 3 survivors (6144K)
 Metaspace       used 11029K, committed 11264K, reserved 1114112K
  class space    used 1494K, committed 1600K, reserved 1048576K
}
Event: 1.984 GC heap before
{Heap before GC invocations=2 (full 0):
 garbage-first heap   total 253952K, used 155637K [0x0000000709200000, 0x0000000800000000)
  region size 2048K, 69 young (141312K), 3 survivors (6144K)
 Metaspace       used 11188K, committed 11392K, reserved 1114112K
  class space    used 1512K, committed 1600K, reserved 1048576K
}
Event: 1.987 GC heap after
{Heap after GC invocations=3 (full 0):
 garbage-first heap   total 253952K, used 19725K [0x0000000709200000, 0x0000000800000000)
  region size 2048K, 3 young (6144K), 3 survivors (6144K)
 Metaspace       used 11188K, committed 11392K, reserved 1114112K
  class space    used 1512K, committed 1600K, reserved 1048576K
}
Event: 2.498 GC heap before
{Heap before GC invocations=3 (full 0):
 garbage-first heap   total 253952K, used 169229K [0x0000000709200000, 0x0000000800000000)
  region size 2048K, 76 young (155648K), 3 survivors (6144K)
 Metaspace       used 13773K, committed 14016K, reserved 1114112K
  class space    used 1934K, committed 2048K, reserved 1048576K
}
Event: 2.502 GC heap after
{Heap after GC invocations=4 (full 0):
 garbage-first heap   total 253952K, used 24289K [0x0000000709200000, 0x0000000800000000)
  region size 2048K, 4 young (8192K), 4 survivors (8192K)
 Metaspace       used 13773K, committed 14016K, reserved 1114112K
  class space    used 1934K, committed 2048K, reserved 1048576K
}
Event: 3.351 GC heap before
{Heap before GC invocations=4 (full 0):
 garbage-first heap   total 253952K, used 169697K [0x0000000709200000, 0x0000000800000000)
  region size 2048K, 74 young (151552K), 4 survivors (8192K)
 Metaspace       used 14585K, committed 14848K, reserved 1114112K
  class space    used 1952K, committed 2112K, reserved 1048576K
}
Event: 3.356 GC heap after
{Heap after GC invocations=5 (full 0):
 garbage-first heap   total 253952K, used 24563K [0x0000000709200000, 0x0000000800000000)
  region size 2048K, 4 young (8192K), 4 survivors (8192K)
 Metaspace       used 14585K, committed 14848K, reserved 1114112K
  class space    used 1952K, committed 2112K, reserved 1048576K
}
Event: 4.288 GC heap before
{Heap before GC invocations=5 (full 0):
 garbage-first heap   total 253952K, used 167923K [0x0000000709200000, 0x0000000800000000)
  region size 2048K, 74 young (151552K), 4 survivors (8192K)
 Metaspace       used 14667K, committed 14976K, reserved 1114112K
  class space    used 1952K, committed 2112K, reserved 1048576K
}
Event: 4.292 GC heap after
{Heap after GC invocations=6 (full 0):
 garbage-first heap   total 253952K, used 23757K [0x0000000709200000, 0x0000000800000000)
  region size 2048K, 4 young (8192K), 4 survivors (8192K)
 Metaspace       used 14667K, committed 14976K, reserved 1114112K
  class space    used 1952K, committed 2112K, reserved 1048576K
}
Event: 5.221 GC heap before
{Heap before GC invocations=6 (full 0):
 garbage-first heap   total 253952K, used 167117K [0x0000000709200000, 0x0000000800000000)
  region size 2048K, 74 young (151552K), 4 survivors (8192K)
 Metaspace       used 14848K, committed 15104K, reserved 1114112K
  class space    used 1952K, committed 2112K, reserved 1048576K
}
Event: 5.230 GC heap after
{Heap after GC invocations=7 (full 0):
 garbage-first heap   total 253952K, used 24330K [0x0000000709200000, 0x0000000800000000)
  region size 2048K, 4 young (8192K), 4 survivors (8192K)
 Metaspace       used 14848K, committed 15104K, reserved 1114112K
  class space    used 1952K, committed 2112K, reserved 1048576K
}
Event: 6.243 GC heap before
{Heap before GC invocations=7 (full 0):
 garbage-first heap   total 253952K, used 167690K [0x0000000709200000, 0x0000000800000000)
  region size 2048K, 74 young (151552K), 4 survivors (8192K)
 Metaspace       used 14864K, committed 15168K, reserved 1114112K
  class space    used 1952K, committed 2112K, reserved 1048576K
}
Event: 6.247 GC heap after
{Heap after GC invocations=8 (full 0):
 garbage-first heap   total 253952K, used 23699K [0x0000000709200000, 0x0000000800000000)
  region size 2048K, 4 young (8192K), 4 survivors (8192K)
 Metaspace       used 14864K, committed 15168K, reserved 1114112K
  class space    used 1952K, committed 2112K, reserved 1048576K
}

Deoptimization events (20 events):
Event: 5.216 Thread 0x0000016931540e80 Uncommon trap: trap_request=0xffffff45 fr.pc=0x0000016918253728 relative=0x0000000000000088
Event: 5.216 Thread 0x0000016931540e80 Uncommon trap: reason=unstable_if action=reinterpret pc=0x0000016918253728 method=java.util.concurrent.locks.AbstractQueuedSynchronizer.signalNext(Ljava/util/concurrent/locks/AbstractQueuedSynchronizer$Node;)V @ 17 c2
Event: 5.216 Thread 0x0000016931540e80 DEOPT PACKING pc=0x0000016918253728 sp=0x0000001939efec60
Event: 5.216 Thread 0x0000016931540e80 DEOPT UNPACKING pc=0x00000169104f23a3 sp=0x0000001939efebf0 mode 2
Event: 5.418 Thread 0x0000016931540e80 Uncommon trap: trap_request=0xffffff45 fr.pc=0x000001691826989c relative=0x000000000000239c
Event: 5.418 Thread 0x0000016931540e80 Uncommon trap: reason=unstable_if action=reinterpret pc=0x000001691826989c method=com.sun.marlin.TransformingPathConsumer2D$PathClipFilter.curveTo(DDDDDD)V @ 76 c2
Event: 5.418 Thread 0x0000016931540e80 DEOPT PACKING pc=0x000001691826989c sp=0x0000001939efdf00
Event: 5.418 Thread 0x0000016931540e80 DEOPT UNPACKING pc=0x00000169104f23a3 sp=0x0000001939efde10 mode 2
Event: 5.418 Thread 0x0000016931540e80 Uncommon trap: trap_request=0xffffff45 fr.pc=0x0000016918265dfc relative=0x000000000000079c
Event: 5.418 Thread 0x0000016931540e80 Uncommon trap: reason=unstable_if action=reinterpret pc=0x0000016918265dfc method=com.sun.marlin.TransformingPathConsumer2D$PathClipFilter.curveTo(DDDDDD)V @ 76 c2
Event: 5.418 Thread 0x0000016931540e80 DEOPT PACKING pc=0x0000016918265dfc sp=0x0000001939efde40
Event: 5.418 Thread 0x0000016931540e80 DEOPT UNPACKING pc=0x00000169104f23a3 sp=0x0000001939efddf8 mode 2
Event: 5.779 Thread 0x0000016931540e80 Uncommon trap: trap_request=0xffffff45 fr.pc=0x000001691826b88c relative=0x000000000000016c
Event: 5.779 Thread 0x0000016931540e80 Uncommon trap: reason=unstable_if action=reinterpret pc=0x000001691826b88c method=com.sun.javafx.geom.RectBounds.contains(Lcom/sun/javafx/geom/RectBounds;)Z @ 49 c2
Event: 5.779 Thread 0x0000016931540e80 DEOPT PACKING pc=0x000001691826b88c sp=0x0000001939efe500
Event: 5.779 Thread 0x0000016931540e80 DEOPT UNPACKING pc=0x00000169104f23a3 sp=0x0000001939efe490 mode 2
Event: 6.746 Thread 0x0000016931543030 Uncommon trap: trap_request=0xffffff45 fr.pc=0x0000016918283bd4 relative=0x00000000000000b4
Event: 6.746 Thread 0x0000016931543030 Uncommon trap: reason=unstable_if action=reinterpret pc=0x0000016918283bd4 method=javafx.beans.property.DoublePropertyBase.markInvalid()V @ 4 c2
Event: 6.746 Thread 0x0000016931543030 DEOPT PACKING pc=0x0000016918283bd4 sp=0x00000019397fe630
Event: 6.746 Thread 0x0000016931543030 DEOPT UNPACKING pc=0x00000169104f23a3 sp=0x00000019397fe570 mode 2

Classes loaded (20 events):
Event: 2.447 Loading class jdk/internal/math/FDBigInteger
Event: 2.447 Loading class jdk/internal/math/FDBigInteger done
Event: 2.448 Loading class java/util/ArrayList$ListItr
Event: 2.448 Loading class java/util/ArrayList$ListItr done
Event: 2.450 Loading class sun/misc/Unsafe
Event: 2.450 Loading class sun/misc/Unsafe done
Event: 2.450 Loading class java/lang/invoke/DirectMethodHandle$StaticAccessor
Event: 2.450 Loading class java/lang/invoke/DirectMethodHandle$StaticAccessor done
Event: 2.458 Loading class java/util/MissingResourceException
Event: 2.458 Loading class java/util/MissingResourceException done
Event: 2.462 Loading class java/util/TimerTask
Event: 2.462 Loading class java/util/TimerTask done
Event: 2.660 Loading class java/util/Timer
Event: 2.660 Loading class java/util/Timer done
Event: 2.660 Loading class java/util/TaskQueue
Event: 2.660 Loading class java/util/TaskQueue done
Event: 2.660 Loading class java/util/TimerThread
Event: 2.660 Loading class java/util/TimerThread done
Event: 2.660 Loading class java/util/Timer$ThreadReaper
Event: 2.660 Loading class java/util/Timer$ThreadReaper done

Classes unloaded (0 events):
No events

Classes redefined (0 events):
No events

Internal exceptions (20 events):
Event: 1.452 Thread 0x0000016931540e80 Exception <a 'java/lang/NoSuchMethodError'{0x00000007166dcbe0}: 'int java.lang.invoke.DirectMethodHandle$Holder.invokeStaticInit(java.lang.Object, java.lang.Object)'> (0x00000007166dcbe0) 
thrown [s\open\src\hotspot\share\interpreter\linkResolver.cpp, line 766]
Event: 2.295 Thread 0x0000016931543030 Exception <a 'java/lang/NoSuchMethodError'{0x00000007188e5e20}: 'long java.lang.invoke.DirectMethodHandle$Holder.invokeStatic(java.lang.Object, java.lang.Object, java.lang.Object)'> (0x00000007188e5e20) 
thrown [s\open\src\hotspot\share\interpreter\linkResolver.cpp, line 766]
Event: 2.295 Thread 0x0000016931543030 Exception <a 'java/lang/NoSuchMethodError'{0x00000007188e95c0}: 'long java.lang.invoke.DirectMethodHandle$Holder.invokeStaticInit(java.lang.Object, java.lang.Object, java.lang.Object)'> (0x00000007188e95c0) 
thrown [s\open\src\hotspot\share\interpreter\linkResolver.cpp, line 766]
Event: 2.297 Thread 0x0000016931543030 Exception <a 'java/lang/NoSuchMethodError'{0x0000000713101f50}: 'java.lang.Object java.lang.invoke.DirectMethodHandle$Holder.newInvokeSpecial(java.lang.Object, java.lang.Object, long)'> (0x0000000713101f50) 
thrown [s\open\src\hotspot\share\interpreter\linkResolver.cpp, line 766]
Event: 2.297 Thread 0x0000016931543030 Exception <a 'java/lang/NoSuchMethodError'{0x0000000713105ac8}: 'java.lang.Object java.lang.invoke.Invokers$Holder.linkToTargetMethod(java.lang.Object, long, java.lang.Object)'> (0x0000000713105ac8) 
thrown [s\open\src\hotspot\share\interpreter\linkResolver.cpp, line 766]
Event: 2.360 Thread 0x0000016931543030 Exception <a 'java/lang/ClassNotFoundException'{0x0000000711881e68}: com/sun/javafx/scene/control/skin/resources/controls> (0x0000000711881e68) 
thrown [s\open\src\hotspot\share\prims\jni.cpp, line 535]
Event: 2.361 Thread 0x0000016931543030 Exception <a 'java/lang/ClassNotFoundException'{0x000000071188fdf0}: com/sun/javafx/scene/control/skin/resources/controls_es> (0x000000071188fdf0) 
thrown [s\open\src\hotspot\share\prims\jni.cpp, line 535]
Event: 2.362 Thread 0x0000016931543030 Exception <a 'java/lang/ClassNotFoundException'{0x000000071189da38}: com/sun/javafx/scene/control/skin/resources/controls_es_ES> (0x000000071189da38) 
thrown [s\open\src\hotspot\share\prims\jni.cpp, line 535]
Event: 2.402 Thread 0x000001693a566da0 Exception <a 'java/lang/NoSuchMethodError'{0x00000007111033f0}: 'long java.lang.invoke.DirectMethodHandle$Holder.invokeVirtual(java.lang.Object, java.lang.Object)'> (0x00000007111033f0) 
thrown [s\open\src\hotspot\share\interpreter\linkResolver.cpp, line 766]
Event: 2.402 Thread 0x000001693a5680e0 Exception <a 'java/lang/NoSuchMethodError'{0x00000007115ae6f8}: 'long java.lang.invoke.DirectMethodHandle$Holder.invokeVirtual(java.lang.Object, java.lang.Object)'> (0x00000007115ae6f8) 
thrown [s\open\src\hotspot\share\interpreter\linkResolver.cpp, line 766]
Event: 2.403 Thread 0x000001693a5680e0 Exception <a 'java/lang/NoSuchMethodError'{0x00000007115b1e28}: 'long java.lang.invoke.DelegatingMethodHandle$Holder.reinvoke_L(java.lang.Object, java.lang.Object)'> (0x00000007115b1e28) 
thrown [s\open\src\hotspot\share\interpreter\linkResolver.cpp, line 766]
Event: 2.403 Thread 0x000001693a566da0 Exception <a 'java/lang/NoSuchMethodError'{0x0000000711106b38}: 'long java.lang.invoke.DelegatingMethodHandle$Holder.reinvoke_L(java.lang.Object, java.lang.Object)'> (0x0000000711106b38) 
thrown [s\open\src\hotspot\share\interpreter\linkResolver.cpp, line 766]
Event: 2.407 Thread 0x000001693a566da0 Implicit null exception at 0x000001691808a6d2 to 0x000001691808abd8
Event: 2.407 Thread 0x000001693a566da0 Implicit null exception at 0x0000016918090152 to 0x000001691809064c
Event: 2.460 Thread 0x000001693a566da0 Exception <a 'sun/nio/fs/WindowsException'{0x0000000710b88388}> (0x0000000710b88388) 
thrown [s\open\src\hotspot\share\prims\jni.cpp, line 516]
Event: 2.460 Thread 0x000001693a566da0 Exception <a 'sun/nio/fs/WindowsException'{0x0000000710b89630}> (0x0000000710b89630) 
thrown [s\open\src\hotspot\share\prims\jni.cpp, line 516]
Event: 2.461 Thread 0x000001693a566da0 Exception <a 'sun/nio/fs/WindowsException'{0x0000000710b8a8d8}> (0x0000000710b8a8d8) 
thrown [s\open\src\hotspot\share\prims\jni.cpp, line 516]
Event: 3.001 Thread 0x0000016931543030 Exception <a 'java/lang/NoSuchMethodError'{0x0000000717ee8410}: 'java.lang.Object java.lang.invoke.DirectMethodHandle$Holder.invokeSpecial(java.lang.Object, java.lang.Object, java.lang.Object, java.lang.Object, double)'> (0x0000000717ee8410) 
thrown [s\open\src\hotspot\share\interpreter\linkResolver.cpp, line 766]
Event: 3.001 Thread 0x0000016931543030 Exception <a 'java/lang/NoSuchMethodError'{0x0000000717eebfe0}: 'java.lang.Object java.lang.invoke.Invokers$Holder.linkToTargetMethod(java.lang.Object, java.lang.Object, double, java.lang.Object)'> (0x0000000717eebfe0) 
thrown [s\open\src\hotspot\share\interpreter\linkResolver.cpp, line 766]
Event: 4.009 Thread 0x0000016931540e80 Implicit null exception at 0x00000169181e75a3 to 0x00000169181e7d6c

VM Operations (20 events):
Event: 2.498 Executing VM operation: G1CollectForAllocation
Event: 2.502 Executing VM operation: G1CollectForAllocation done
Event: 2.506 Executing VM operation: HandshakeAllThreads
Event: 2.506 Executing VM operation: HandshakeAllThreads done
Event: 2.722 Executing VM operation: ICBufferFull
Event: 2.722 Executing VM operation: ICBufferFull done
Event: 3.092 Executing VM operation: ICBufferFull
Event: 3.092 Executing VM operation: ICBufferFull done
Event: 3.351 Executing VM operation: G1CollectForAllocation
Event: 3.356 Executing VM operation: G1CollectForAllocation done
Event: 3.458 Executing VM operation: HandshakeAllThreads
Event: 3.458 Executing VM operation: HandshakeAllThreads done
Event: 4.288 Executing VM operation: G1CollectForAllocation
Event: 4.293 Executing VM operation: G1CollectForAllocation done
Event: 5.221 Executing VM operation: G1CollectForAllocation
Event: 5.230 Executing VM operation: G1CollectForAllocation done
Event: 6.230 Executing VM operation: Cleanup
Event: 6.230 Executing VM operation: Cleanup done
Event: 6.243 Executing VM operation: G1CollectForAllocation
Event: 6.247 Executing VM operation: G1CollectForAllocation done

Events (20 events):
Event: 6.070 Thread 0x000001693a72f340 Thread exited: 0x000001693a72f340
Event: 6.320 Thread 0x000001693050f010 Thread exited: 0x000001693050f010
Event: 6.320 Thread 0x000001693050eb10 Thread exited: 0x000001693050eb10
Event: 6.382 Thread 0x000001693042d840 Thread exited: 0x000001693042d840
Event: 6.418 Thread 0x0000016938c17f60 Thread added: 0x0000016938c17f60
Event: 6.418 Thread 0x0000016938c18470 Thread added: 0x0000016938c18470
Event: 6.418 Thread 0x0000016938c18980 Thread added: 0x0000016938c18980
Event: 6.745 Thread 0x000001693934f510 Thread added: 0x000001693934f510
Event: 6.745 Thread 0x000001693934f510 Thread exited: 0x000001693934f510
Event: 6.748 Thread 0x000001693934f040 Thread added: 0x000001693934f040
Event: 6.748 Thread 0x000001693934f040 Thread exited: 0x000001693934f040
Event: 7.222 Thread 0x0000016938c156e0 Thread added: 0x0000016938c156e0
Event: 7.222 Thread 0x0000016938c16100 Thread added: 0x0000016938c16100
Event: 7.365 Thread 0x0000016938c18980 Thread exited: 0x0000016938c18980
Event: 7.517 Thread 0x000001693a565a60 Thread exited: 0x000001693a565a60
Event: 7.517 Thread 0x000001693a5698f0 Thread exited: 0x000001693a5698f0
Event: 7.519 Thread 0x0000016939353660 Thread added: 0x0000016939353660
Event: 7.519 Thread 0x000001693934f510 Thread added: 0x000001693934f510
Event: 7.520 Thread 0x0000016939353660 Thread exited: 0x0000016939353660
Event: 7.520 Thread 0x000001693934f510 Thread exited: 0x000001693934f510


Dynamic libraries:
0x00007ff702a30000 - 0x00007ff702a40000 	C:\Program Files\Java\jdk-18.0.1.1\bin\java.exe
0x00007ff933ff0000 - 0x00007ff9341e8000 	C:\Windows\SYSTEM32\ntdll.dll
0x00007ff9330b0000 - 0x00007ff93316f000 	C:\Windows\System32\KERNEL32.DLL
0x00007ff931ce0000 - 0x00007ff931fb2000 	C:\Windows\System32\KERNELBASE.dll
0x00007ff931990000 - 0x00007ff931a90000 	C:\Windows\System32\ucrtbase.dll
0x00007ff8d2100000 - 0x00007ff8d211a000 	C:\Program Files\Java\jdk-18.0.1.1\bin\VCRUNTIME140.dll
0x00007ff8d20e0000 - 0x00007ff8d20f8000 	C:\Program Files\Java\jdk-18.0.1.1\bin\jli.dll
0x00007ff933e30000 - 0x00007ff933ede000 	C:\Windows\System32\ADVAPI32.dll
0x00007ff933c60000 - 0x00007ff933cfe000 	C:\Windows\System32\msvcrt.dll
0x00007ff932240000 - 0x00007ff9322dc000 	C:\Windows\System32\sechost.dll
0x00007ff932f80000 - 0x00007ff9330a5000 	C:\Windows\System32\RPCRT4.dll
0x00007ff932090000 - 0x00007ff932231000 	C:\Windows\System32\USER32.dll
0x00007ff931a90000 - 0x00007ff931ab2000 	C:\Windows\System32\win32u.dll
0x00007ff933f00000 - 0x00007ff933f2b000 	C:\Windows\System32\GDI32.dll
0x00007ff929dc0000 - 0x00007ff92a05a000 	C:\Windows\WinSxS\amd64_microsoft.windows.common-controls_6595b64144ccf1df_6.0.19041.1110_none_60b5254171f9507e\COMCTL32.dll
0x00007ff931bd0000 - 0x00007ff931cdf000 	C:\Windows\System32\gdi32full.dll
0x00007ff9316e0000 - 0x00007ff93177d000 	C:\Windows\System32\msvcp_win.dll
0x00007ff928ea0000 - 0x00007ff928eaa000 	C:\Windows\SYSTEM32\VERSION.dll
0x00007ff9333d0000 - 0x00007ff933402000 	C:\Windows\System32\IMM32.DLL
0x00007ff8fbfb0000 - 0x00007ff8fbfbc000 	C:\Program Files\Java\jdk-18.0.1.1\bin\vcruntime140_1.dll
0x00007ff8d1f10000 - 0x00007ff8d1f9d000 	C:\Program Files\Java\jdk-18.0.1.1\bin\msvcp140.dll
0x00007ff8ccf20000 - 0x00007ff8cdb30000 	C:\Program Files\Java\jdk-18.0.1.1\bin\server\jvm.dll
0x00007ff9334f0000 - 0x00007ff9334f8000 	C:\Windows\System32\PSAPI.DLL
0x00007ff91b2e0000 - 0x00007ff91b2e9000 	C:\Windows\SYSTEM32\WSOCK32.dll
0x00007ff927570000 - 0x00007ff927597000 	C:\Windows\SYSTEM32\WINMM.dll
0x00007ff932f10000 - 0x00007ff932f7b000 	C:\Windows\System32\WS2_32.dll
0x00007ff92f740000 - 0x00007ff92f752000 	C:\Windows\SYSTEM32\kernel.appcore.dll
0x00007ff8fbc00000 - 0x00007ff8fbc0a000 	C:\Program Files\Java\jdk-18.0.1.1\bin\jimage.dll
0x00007ff92f360000 - 0x00007ff92f544000 	C:\Windows\SYSTEM32\DBGHELP.DLL
0x00007ff928050000 - 0x00007ff928085000 	C:\Windows\SYSTEM32\dbgcore.DLL
0x00007ff931b40000 - 0x00007ff931bc2000 	C:\Windows\System32\bcryptPrimitives.dll
0x00007ff92d240000 - 0x00007ff92d24e000 	C:\Program Files\Java\jdk-18.0.1.1\bin\instrument.dll
0x00007ff8d20b0000 - 0x00007ff8d20d5000 	C:\Program Files\Java\jdk-18.0.1.1\bin\java.dll
0x00007ff8cf3d0000 - 0x00007ff8cf4a6000 	C:\Program Files\Java\jdk-18.0.1.1\bin\jsvml.dll
0x00007ff933510000 - 0x00007ff933c54000 	C:\Windows\System32\SHELL32.dll
0x00007ff92f760000 - 0x00007ff92fef2000 	C:\Windows\SYSTEM32\windows.storage.dll
0x00007ff9322e0000 - 0x00007ff932635000 	C:\Windows\System32\combase.dll
0x00007ff931140000 - 0x00007ff931170000 	C:\Windows\SYSTEM32\Wldp.dll
0x00007ff932da0000 - 0x00007ff932e4d000 	C:\Windows\System32\SHCORE.dll
0x00007ff932e50000 - 0x00007ff932ea5000 	C:\Windows\System32\shlwapi.dll
0x00007ff931620000 - 0x00007ff93163f000 	C:\Windows\SYSTEM32\profapi.dll
0x00007ff8d1ed0000 - 0x00007ff8d1ee3000 	C:\Program Files\Java\jdk-18.0.1.1\bin\net.dll
0x00007ff92c910000 - 0x00007ff92ca1c000 	C:\Windows\SYSTEM32\WINHTTP.dll
0x00007ff930ea0000 - 0x00007ff930f0a000 	C:\Windows\system32\mswsock.dll
0x00007ff8d1eb0000 - 0x00007ff8d1ec6000 	C:\Program Files\Java\jdk-18.0.1.1\bin\nio.dll
0x00007ff8d0560000 - 0x00007ff8d0578000 	C:\Program Files\Java\jdk-18.0.1.1\bin\zip.dll
0x00007ff92d1f0000 - 0x00007ff92d20a000 	C:\Program Files\JetBrains\IntelliJ IDEA Community Edition 2022.2.2\bin\breakgen64.dll
0x0000016908aa0000 - 0x0000016908aa3000 	C:\Users\samir\.openjfx\cache\18.0.1+2\api-ms-win-core-console-l1-1-0.dll
0x0000016908ab0000 - 0x0000016908ab3000 	C:\Users\samir\.openjfx\cache\18.0.1+2\api-ms-win-core-console-l1-2-0.dll
0x0000016908ac0000 - 0x0000016908ac3000 	C:\Users\samir\.openjfx\cache\18.0.1+2\api-ms-win-core-datetime-l1-1-0.dll
0x0000016908ad0000 - 0x0000016908ad3000 	C:\Users\samir\.openjfx\cache\18.0.1+2\api-ms-win-core-debug-l1-1-0.dll
0x0000016908ae0000 - 0x0000016908ae3000 	C:\Users\samir\.openjfx\cache\18.0.1+2\api-ms-win-core-errorhandling-l1-1-0.dll
0x0000016908af0000 - 0x0000016908af4000 	C:\Users\samir\.openjfx\cache\18.0.1+2\api-ms-win-core-file-l1-1-0.dll
0x0000016908b00000 - 0x0000016908b03000 	C:\Users\samir\.openjfx\cache\18.0.1+2\api-ms-win-core-file-l1-2-0.dll
0x0000016908b10000 - 0x0000016908b13000 	C:\Users\samir\.openjfx\cache\18.0.1+2\api-ms-win-core-file-l2-1-0.dll
0x0000016908b20000 - 0x0000016908b23000 	C:\Users\samir\.openjfx\cache\18.0.1+2\api-ms-win-core-handle-l1-1-0.dll
0x000001692c2c0000 - 0x000001692c2c3000 	C:\Users\samir\.openjfx\cache\18.0.1+2\api-ms-win-core-heap-l1-1-0.dll
0x000001692c2d0000 - 0x000001692c2d3000 	C:\Users\samir\.openjfx\cache\18.0.1+2\api-ms-win-core-interlocked-l1-1-0.dll
0x000001692c2e0000 - 0x000001692c2e3000 	C:\Users\samir\.openjfx\cache\18.0.1+2\api-ms-win-core-libraryloader-l1-1-0.dll
0x000001692c2f0000 - 0x000001692c2f3000 	C:\Users\samir\.openjfx\cache\18.0.1+2\api-ms-win-core-localization-l1-2-0.dll
0x000001692c300000 - 0x000001692c303000 	C:\Users\samir\.openjfx\cache\18.0.1+2\api-ms-win-core-memory-l1-1-0.dll
0x000001692c310000 - 0x000001692c313000 	C:\Users\samir\.openjfx\cache\18.0.1+2\api-ms-win-core-namedpipe-l1-1-0.dll
0x000001692c320000 - 0x000001692c323000 	C:\Users\samir\.openjfx\cache\18.0.1+2\api-ms-win-core-processenvironment-l1-1-0.dll
0x000001692c330000 - 0x000001692c333000 	C:\Users\samir\.openjfx\cache\18.0.1+2\api-ms-win-core-processthreads-l1-1-0.dll
0x000001692c340000 - 0x000001692c343000 	C:\Users\samir\.openjfx\cache\18.0.1+2\api-ms-win-core-processthreads-l1-1-1.dll
0x000001692c350000 - 0x000001692c353000 	C:\Users\samir\.openjfx\cache\18.0.1+2\api-ms-win-core-profile-l1-1-0.dll
0x000001692c360000 - 0x000001692c363000 	C:\Users\samir\.openjfx\cache\18.0.1+2\api-ms-win-core-rtlsupport-l1-1-0.dll
0x000001692c370000 - 0x000001692c373000 	C:\Users\samir\.openjfx\cache\18.0.1+2\api-ms-win-core-string-l1-1-0.dll
0x000001692c380000 - 0x000001692c383000 	C:\Users\samir\.openjfx\cache\18.0.1+2\api-ms-win-core-synch-l1-1-0.dll
0x000001692c390000 - 0x000001692c393000 	C:\Users\samir\.openjfx\cache\18.0.1+2\api-ms-win-core-synch-l1-2-0.dll
0x000001692c3a0000 - 0x000001692c3a3000 	C:\Users\samir\.openjfx\cache\18.0.1+2\api-ms-win-core-sysinfo-l1-1-0.dll
0x000001692c3b0000 - 0x000001692c3b3000 	C:\Users\samir\.openjfx\cache\18.0.1+2\api-ms-win-core-timezone-l1-1-0.dll
0x000001692c3c0000 - 0x000001692c3c3000 	C:\Users\samir\.openjfx\cache\18.0.1+2\api-ms-win-core-util-l1-1-0.dll
0x000001692c3d0000 - 0x000001692c3d3000 	C:\Users\samir\.openjfx\cache\18.0.1+2\api-ms-win-crt-conio-l1-1-0.dll
0x000001692c3e0000 - 0x000001692c3e4000 	C:\Users\samir\.openjfx\cache\18.0.1+2\api-ms-win-crt-convert-l1-1-0.dll
0x000001692c3f0000 - 0x000001692c3f3000 	C:\Users\samir\.openjfx\cache\18.0.1+2\api-ms-win-crt-environment-l1-1-0.dll
0x0000016932220000 - 0x0000016932223000 	C:\Users\samir\.openjfx\cache\18.0.1+2\api-ms-win-crt-filesystem-l1-1-0.dll
0x0000016932230000 - 0x0000016932233000 	C:\Users\samir\.openjfx\cache\18.0.1+2\api-ms-win-crt-heap-l1-1-0.dll
0x0000016932240000 - 0x0000016932243000 	C:\Users\samir\.openjfx\cache\18.0.1+2\api-ms-win-crt-locale-l1-1-0.dll
0x0000016932250000 - 0x0000016932255000 	C:\Users\samir\.openjfx\cache\18.0.1+2\api-ms-win-crt-math-l1-1-0.dll
0x0000016932260000 - 0x0000016932265000 	C:\Users\samir\.openjfx\cache\18.0.1+2\api-ms-win-crt-multibyte-l1-1-0.dll
0x0000016931fd0000 - 0x0000016931fe0000 	C:\Users\samir\.openjfx\cache\18.0.1+2\api-ms-win-crt-private-l1-1-0.dll
0x0000016931fe0000 - 0x0000016931fe3000 	C:\Users\samir\.openjfx\cache\18.0.1+2\api-ms-win-crt-process-l1-1-0.dll
0x0000016931ff0000 - 0x0000016931ff4000 	C:\Users\samir\.openjfx\cache\18.0.1+2\api-ms-win-crt-runtime-l1-1-0.dll
0x0000016932000000 - 0x0000016932004000 	C:\Users\samir\.openjfx\cache\18.0.1+2\api-ms-win-crt-stdio-l1-1-0.dll
0x0000016932010000 - 0x0000016932014000 	C:\Users\samir\.openjfx\cache\18.0.1+2\api-ms-win-crt-string-l1-1-0.dll
0x0000016932020000 - 0x0000016932023000 	C:\Users\samir\.openjfx\cache\18.0.1+2\api-ms-win-crt-time-l1-1-0.dll
0x0000016932030000 - 0x0000016932033000 	C:\Users\samir\.openjfx\cache\18.0.1+2\api-ms-win-crt-utility-l1-1-0.dll
0x00007ff920800000 - 0x00007ff9208fc000 	C:\Users\samir\.openjfx\cache\18.0.1+2\ucrtbase.dll
0x00007ff927020000 - 0x00007ff92703a000 	C:\Users\samir\.openjfx\cache\18.0.1+2\vcruntime140.dll
0x00007ff92c8b0000 - 0x00007ff92c8bc000 	C:\Users\samir\.openjfx\cache\18.0.1+2\vcruntime140_1.dll
0x00007ff920b10000 - 0x00007ff920b9d000 	C:\Users\samir\.openjfx\cache\18.0.1+2\msvcp140.dll
0x00007ff925900000 - 0x00007ff92592c000 	C:\Users\samir\.openjfx\cache\18.0.1+2\prism_d3d.dll
0x00007ff91c890000 - 0x00007ff91ca5e000 	C:\Windows\system32\d3d9.dll
0x00007ff92ee20000 - 0x00007ff92ee4f000 	C:\Windows\SYSTEM32\dwmapi.dll
0x00007ff92ec50000 - 0x00007ff92ecee000 	C:\Windows\system32\uxtheme.dll
0x00007ff931b10000 - 0x00007ff931b37000 	C:\Windows\System32\bcrypt.dll
0x00007ff9312d0000 - 0x00007ff9312e2000 	C:\Windows\SYSTEM32\msasn1.dll
0x00007ff928e30000 - 0x00007ff928e61000 	C:\Windows\SYSTEM32\cryptnet.dll
0x00007ff931830000 - 0x00007ff931986000 	C:\Windows\System32\CRYPT32.dll
0x00007ff9310b0000 - 0x00007ff9310bc000 	C:\Windows\SYSTEM32\cryptbase.dll
0x00007ff931fc0000 - 0x00007ff932029000 	C:\Windows\System32\WINTRUST.DLL
0x00007ff933ee0000 - 0x00007ff933efd000 	C:\Windows\System32\imagehlp.dll
0x00007ff931090000 - 0x00007ff9310a8000 	C:\Windows\SYSTEM32\CRYPTSP.dll
0x00007ff930720000 - 0x00007ff930754000 	C:\Windows\system32\rsaenh.dll
0x00007ff9231c0000 - 0x00007ff923202000 	C:\Users\samir\.openjfx\cache\18.0.1+2\glass.dll
0x00007ff933410000 - 0x00007ff9334ea000 	C:\Windows\System32\COMDLG32.dll
0x00007ff933d00000 - 0x00007ff933e2a000 	C:\Windows\System32\ole32.dll
0x00007ff932860000 - 0x00007ff93292d000 	C:\Windows\System32\OLEAUT32.dll
0x00007ff932640000 - 0x00007ff932755000 	C:\Windows\System32\MSCTF.dll
0x00007ff8f71f0000 - 0x00007ff8f72ae000 	C:\Windows\System32\DriverStore\FileRepository\nvami.inf_amd64_a3dde57372050080\nvldumdx.dll
0x00007ff928f60000 - 0x00007ff9290a8000 	C:\Windows\SYSTEM32\drvstore.dll
0x00007ff931490000 - 0x00007ff9314bc000 	C:\Windows\SYSTEM32\devobj.dll
0x00007ff931ac0000 - 0x00007ff931b0e000 	C:\Windows\System32\cfgmgr32.dll
0x00007ff8ba910000 - 0x00007ff8bcf1f000 	C:\Windows\System32\DriverStore\FileRepository\nvami.inf_amd64_a3dde57372050080\nvd3dumx.dll
0x00007ff8dd6b0000 - 0x00007ff8dd97f000 	C:\Windows\system32\nvspcap64.dll
0x00007ff930860000 - 0x00007ff930893000 	C:\Windows\SYSTEM32\ntmarta.dll
0x00007ff92ff10000 - 0x00007ff92ff33000 	C:\Windows\SYSTEM32\gpapi.dll
0x00007ff927870000 - 0x00007ff9278ab000 	C:\Windows\SYSTEM32\dxcore.dll
0x00007ff9275f0000 - 0x00007ff9277a8000 	C:\Windows\System32\DriverStore\FileRepository\u0382793.inf_amd64_1c9c9d36a5813460\B384051\aticfx64.dll
0x00007ff925830000 - 0x00007ff925864000 	C:\Windows\System32\DriverStore\FileRepository\u0382793.inf_amd64_1c9c9d36a5813460\B384051\atiu9p64.dll
0x00007ff8bf030000 - 0x00007ff8bfd84000 	C:\Windows\System32\DriverStore\FileRepository\u0382793.inf_amd64_1c9c9d36a5813460\B384051\atiumd64.dll
0x000000006ab30000 - 0x000000006b9a4000 	C:\Windows\System32\DriverStore\FileRepository\u0382793.inf_amd64_1c9c9d36a5813460\B384051\atiumd6a.dll
0x00007ff932930000 - 0x00007ff932d98000 	C:\Windows\System32\SETUPAPI.dll
0x00007ff930c90000 - 0x00007ff930cdb000 	C:\Windows\SYSTEM32\POWRPROF.dll
0x00007ff930b00000 - 0x00007ff930b12000 	C:\Windows\SYSTEM32\UMPDC.dll
0x00007ff927440000 - 0x00007ff927470000 	C:\Windows\SYSTEM32\amdihk64.dll
0x00007ff925af0000 - 0x00007ff925b04000 	C:\Users\samir\.openjfx\cache\18.0.1+2\javafx_font.dll

dbghelp: loaded successfully - version: 4.0.5 - missing functions: none
symbol engine: initialized successfully - sym options: 0x614 - pdb path: .;C:\Program Files\Java\jdk-18.0.1.1\bin;C:\Windows\SYSTEM32;C:\Windows\WinSxS\amd64_microsoft.windows.common-controls_6595b64144ccf1df_6.0.19041.1110_none_60b5254171f9507e;C:\Program Files\Java\jdk-18.0.1.1\bin\server;C:\Program Files\JetBrains\IntelliJ IDEA Community Edition 2022.2.2\bin;C:\Users\samir\.openjfx\cache\18.0.1+2;C:\Windows\System32\DriverStore\FileRepository\nvami.inf_amd64_a3dde57372050080;C:\Windows\System32\DriverStore\FileRepository\u0382793.inf_amd64_1c9c9d36a5813460\B384051;C:\Program Files\Common Files\Microsoft Shared\Ink

VM Arguments:
jvm_args: -javaagent:C:\Program Files\JetBrains\IntelliJ IDEA Community Edition 2022.2.2\lib\idea_rt.jar=60833:C:\Program Files\JetBrains\IntelliJ IDEA Community Edition 2022.2.2\bin -Dfile.encoding=UTF-8 -Dsun.stdout.encoding=UTF-8 -Dsun.stderr.encoding=UTF-8 --module-path=C:\Users\samir\.m2\repository\org\openjfx\javafx-base\18.0.1\javafx-base-18.0.1-win.jar;C:\Users\samir\.m2\repository\org\openjfx\javafx-media\20-ea+11\javafx-media-20-ea+11-win.jar;C:\Users\samir\.m2\repository\org\openjfx\javafx-graphics\18.0.1\javafx-graphics-18.0.1-win.jar;C:\Users\samir\.m2\repository\org\openjfx\javafx-controls\18.0.1\javafx-controls-18.0.1-win.jar;C:\Users\samir\Desktop\Prueba\BatallaNaval\target\classes;C:\Users\samir\.m2\repository\org\openjfx\javafx-fxml\18.0.1\javafx-fxml-18.0.1-win.jar -Djdk.module.main=com.example.batallanaval 
java_command: com.example.batallanaval/com.example.batallanaval.ControlJuego
java_class_path (initial): C:\Users\samir\.m2\repository\org\openjfx\javafx-controls\18.0.1\javafx-controls-18.0.1.jar;C:\Users\samir\.m2\repository\org\openjfx\javafx-graphics\18.0.1\javafx-graphics-18.0.1.jar;C:\Users\samir\.m2\repository\org\openjfx\javafx-base\18.0.1\javafx-base-18.0.1.jar;C:\Users\samir\.m2\repository\org\openjfx\javafx-fxml\18.0.1\javafx-fxml-18.0.1.jar;C:\Users\samir\.m2\repository\org\openjfx\javafx-media\20-ea+11\javafx-media-20-ea+11.jar
Launcher Type: SUN_STANDARD

[Global flags]
     intx CICompilerCount                          = 12                                        {product} {ergonomic}
     uint ConcGCThreads                            = 3                                         {product} {ergonomic}
     uint G1ConcRefinementThreads                  = 13                                        {product} {ergonomic}
   size_t G1HeapRegionSize                         = 2097152                                   {product} {ergonomic}
    uintx GCDrainStackTargetSize                   = 64                                        {product} {ergonomic}
   size_t InitialHeapSize                          = 260046848                                 {product} {ergonomic}
   size_t MarkStackSize                            = 4194304                                   {product} {ergonomic}
   size_t MaxHeapSize                              = 4141875200                                {product} {ergonomic}
   size_t MaxNewSize                               = 2485125120                                {product} {ergonomic}
   size_t MinHeapDeltaBytes                        = 2097152                                   {product} {ergonomic}
   size_t MinHeapSize                              = 8388608                                   {product} {ergonomic}
    uintx NonNMethodCodeHeapSize                   = 7602480                                {pd product} {ergonomic}
    uintx NonProfiledCodeHeapSize                  = 122027880                              {pd product} {ergonomic}
    uintx ProfiledCodeHeapSize                     = 122027880                              {pd product} {ergonomic}
    uintx ReservedCodeCacheSize                    = 251658240                              {pd product} {ergonomic}
     bool SegmentedCodeCache                       = true                                      {product} {ergonomic}
   size_t SoftMaxHeapSize                          = 4141875200                             {manageable} {ergonomic}
     bool UseCompressedClassPointers               = true                           {product lp64_product} {ergonomic}
     bool UseCompressedOops                        = true                           {product lp64_product} {ergonomic}
     bool UseG1GC                                  = true                                      {product} {ergonomic}
     bool UseLargePagesIndividualAllocation        = false                                  {pd product} {ergonomic}

Logging:
Log output configuration:
 #0: stdout all=warning uptime,level,tags foldmultilines=false
 #1: stderr all=off uptime,level,tags foldmultilines=false

Environment Variables:
PATH=C:\app\samir\product\21c\dbhomeXE\bin;C:\Program Files\NVIDIA GPU Computing Toolkit\CUDA\v12.0\bin;C:\Program Files\NVIDIA GPU Computing Toolkit\CUDA\v12.0\libnvvp;C:\Program Files (x86)\VMware\VMware Workstation\bin\;C:\Program Files\Common Files\Oracle\Java\javapath;C:\Program Files (x86)\Common Files\Oracle\Java\javapath;C:\ProgramData\Oracle\Java\javapath;C:\Windows\system32;C:\Windows;C:\Windows\System32\Wbem;C:\Windows\System32\WindowsPowerShell\v1.0\;C:\Windows\System32\OpenSSH\;C:\Program Files (x86)\NVIDIA Corporation\PhysX\Common;C:\Program Files\NVIDIA Corporation\NVIDIA NvDLISR;C:\Program Files (x86)\BaseX\bin;C:\Program Files\dotnet\;C:\Program Files\Git\cmd;C:\Program Files\AutoFirmaJA\AutoFirmaJA;C:\Program Files\Cloudflare\Cloudflare WARP\;C:\Program Files\Tesseract-OCR;C:\Users\samir\AppData\Local\Packages\PythonSoftwareFoundation.Python.3.7_qbz5n2kfra8p0\LocalCache\local-packages\Python37\Scripts;C:\Program Files\MongoDB\Server\6.0\bin;C:\Program Files\Docker\Docker\resources\bin;C:\Program Files\NVIDIA Corporation\Nsight Compute 2022.4.0\;C:\Archivos de programa (Sam)\gradle-7.6\bin;C:\Program Files\MySQL\MySQL Server 8.0\bin;C:\Users\samir\AppData\Local\Microsoft\WindowsApps;;C:\Users\samir\AppData\Local\Programs\Microsoft VS Code\bin
USERNAME=samir
OS=Windows_NT
PROCESSOR_IDENTIFIER=AMD64 Family 23 Model 96 Stepping 1, AuthenticAMD



---------------  S Y S T E M  ---------------

OS:
 Windows 10 , 64 bit Build 19041 (10.0.19041.2364)
OS uptime: 0 days 22:14 hours
Hyper-V role detected

CPU: total 16 (initial active 16) (16 cores per cpu, 2 threads per core) family 23 model 96 stepping 1 microcode 0x0, cx8, cmov, fxsr, ht, mmx, 3dnowpref, sse, sse2, sse3, ssse3, sse4a, sse4.1, sse4.2, popcnt, lzcnt, tsc, tscinvbit, avx, avx2, aes, clmul, bmi1, bmi2, adx, sha, fma, vzeroupper, clflush, clflushopt, hv

Memory: 4k page, system-wide physical 15792M (6961M free)
TotalPageFile size 21936M (AvailPageFile size 8313M)
current process WorkingSet (physical memory assigned to process): 311M, peak: 461M
current process commit charge ("private bytes"): 486M, peak: 644M

vm_info: Java HotSpot(TM) 64-Bit Server VM (18.0.1.1+2-6) for windows-amd64 JRE (18.0.1.1+2-6), built on Apr 25 2022 21:53:15 by "mach5one" with MS VC++ 16.8 / 16.9 (VS2019)

END.
